2024-05-17 11:25:08,653 - main - INFO - Root endpoint called
2024-05-17 11:25:24,642 - main - INFO - Root endpoint called
2024-05-17 11:25:34,870 - main - INFO - Root endpoint called
2024-05-17 11:25:38,072 - main - ERROR - Error endpoint called
2024-05-17 11:25:40,506 - main - ERROR - Error endpoint called
2024-05-17 11:28:57,115 - main - INFO - Root endpoint called
2024-05-19 17:46:42,347 - main - INFO - Root endpoint called
2024-05-19 17:47:31,108 - main - INFO - Root endpoint called
2024-05-19 17:48:31,620 - main - INFO - Root endpoint called
2024-05-19 18:06:20,035 - main - INFO - Root endpoint called
2024-05-19 18:06:41,185 - main - INFO - Root endpoint called
2024-05-19 18:06:48,151 - main - INFO - Root endpoint called
2024-05-19 18:06:49,125 - main - INFO - Root endpoint called
2024-05-19 18:06:50,174 - main - INFO - Root endpoint called
2024-05-19 18:07:02,841 - main - INFO - Posts endpoint called
2024-05-19 18:07:04,438 - main - INFO - Posts endpoint called
2024-05-19 18:07:18,006 - main - INFO - Post/{id} endpoint called
2024-05-19 18:07:25,887 - main - INFO - Post/{id} endpoint called
2024-05-19 18:07:30,005 - main - INFO - Post/{id} endpoint called
2024-05-19 18:07:32,121 - main - INFO - Post/{id} endpoint called
2024-05-19 18:07:41,318 - main - ERROR - Error endpoint called
2024-05-19 18:14:04,120 - main - INFO - Root endpoint called
2024-05-19 18:14:16,949 - main - INFO - Root endpoint called
2024-05-19 18:14:18,967 - main - INFO - Root endpoint called
2024-05-19 18:16:24,047 - main - INFO - Post endpoint called
2024-05-19 18:17:00,610 - main - INFO - Post endpoint called
2024-05-19 18:23:06,299 - main - INFO - Post endpoint called
2024-05-19 18:23:21,270 - main - INFO - Post endpoint called
2024-05-19 18:26:54,676 - main - INFO - Post endpoint called
2024-05-19 18:27:07,249 - main - INFO - Posts endpoint called
2024-05-19 18:27:49,271 - main - INFO - Post endpoint called
2024-05-19 18:57:23,870 - main - INFO - Root endpoint called
2024-05-19 19:44:04,469 - main - INFO - User sign-up endpoint called
